-------------------------------------------------------------------------------
Test set: calendar.DataHandlerTest
-------------------------------------------------------------------------------
Tests run: 2, Failures: 0, Errors: 1, Skipped: 0, Time elapsed: 4.049 sec <<< FAILURE!
test01(calendar.DataHandlerTest)  Time elapsed: 4.018 sec  <<< ERROR!
org.junit.runners.model.TestTimedOutException: test timed out after 4000 milliseconds
	at java.base@9.0.4/java.util.GregorianCalendar.computeFields(GregorianCalendar.java:2309)
	at java.base@9.0.4/java.util.Calendar.setTimeInMillis(Calendar.java:1804)
	at java.base@9.0.4/java.util.GregorianCalendar.add(GregorianCalendar.java:1077)
	at app//calendar.DataHandler.getApptRange(DataHandler.java:256)
	at app//calendar.DataHandlerTest.test01(DataHandlerTest.java:59)
	at java.base@9.0.4/jdk.internal.reflect.NativeMethodAccessorImpl.invoke0(Native Method)
	at java.base@9.0.4/jdk.internal.reflect.NativeMethodAccessorImpl.invoke(NativeMethodAccessorImpl.java:62)
	at java.base@9.0.4/jdk.internal.reflect.DelegatingMethodAccessorImpl.invoke(DelegatingMethodAccessorImpl.java:43)
	at java.base@9.0.4/java.lang.reflect.Method.invoke(Method.java:564)
	at app//org.junit.runners.model.FrameworkMethod$1.runReflectiveCall(FrameworkMethod.java:50)
	at app//org.junit.internal.runners.model.ReflectiveCallable.run(ReflectiveCallable.java:12)
	at app//org.junit.runners.model.FrameworkMethod.invokeExplosively(FrameworkMethod.java:47)
	at app//org.junit.internal.runners.statements.InvokeMethod.evaluate(InvokeMethod.java:17)
	at app//org.junit.internal.runners.statements.FailOnTimeout$CallableStatement.call(FailOnTimeout.java:298)
	at app//org.junit.internal.runners.statements.FailOnTimeout$CallableStatement.call(FailOnTimeout.java:292)
	at java.base@9.0.4/java.util.concurrent.FutureTask.run(FutureTask.java:264)
	at java.base@9.0.4/java.lang.Thread.run(Thread.java:844)

