GROUP,PACKAGE,CLASS,INSTRUCTION_MISSED,INSTRUCTION_COVERED,BRANCH_MISSED,BRANCH_COVERED,LINE_MISSED,LINE_COVERED,COMPLEXITY_MISSED,COMPLEXITY_COVERED,METHOD_MISSED,METHOD_COVERED
Calendar,finalprojectB,DomainValidator.ArrayType,89,0,0,0,9,0,2,0,2,0
Calendar,finalprojectB,InetAddressValidator,245,0,64,0,64,0,38,0,6,0
Calendar,finalprojectB,RegexValidator,249,9,41,1,53,3,28,1,7,1
Calendar,finalprojectB,DomainValidator.new Object() {...},61,0,0,0,1,0,1,0,1,0
Calendar,finalprojectB,ResultPair,13,0,2,0,4,0,2,0,1,0
Calendar,finalprojectB,DomainValidator.IDNBUGHOLDER,10,0,0,0,3,0,2,0,2,0
Calendar,finalprojectB,DomainValidator,6563,5,85,0,121,2,64,2,16,2
Calendar,finalprojectB,UrlValidator,257,163,69,17,84,39,46,15,8,10
