<?xml version="1.0" encoding="UTF-8" ?>
<testsuite tests="1" failures="0" name="calendar.DataHandlerRandomTest" time="0.533" errors="1" skipped="0">
  <properties>
    <property name="java.runtime.name" value="Java(TM) SE Runtime Environment"/>
    <property name="java.vm.version" value="9.0.4+11"/>
    <property name="sun.boot.library.path" value="C:\Program Files\Java\jdk-9.0.4\bin"/>
    <property name="maven.multiModuleProjectDirectory" value="C:/Users/mcken/OneDrive/Documents/CS 362/CS362-001-S2018/projects/mckencod/Assignment-4/Calendar"/>
    <property name="java.vm.vendor" value="Oracle Corporation"/>
    <property name="java.vendor.url" value="http://java.oracle.com/"/>
    <property name="guice.disable.misplaced.annotation.check" value="true"/>
    <property name="path.separator" value=";"/>
    <property name="java.vm.name" value="Java HotSpot(TM) 64-Bit Server VM"/>
    <property name="file.encoding.pkg" value="sun.io"/>
    <property name="sun.os.patch.level" value=""/>
    <property name="user.script" value=""/>
    <property name="user.country" value="US"/>
    <property name="sun.java.launcher" value="SUN_STANDARD"/>
    <property name="java.vm.specification.name" value="Java Virtual Machine Specification"/>
    <property name="user.dir" value="C:\Users\mcken\OneDrive\Documents\CS 362\CS362-001-S2018\projects\mckencod\Assignment-4\Calendar"/>
    <property name="java.vm.compressedOopsMode" value="Zero based"/>
    <property name="java.runtime.version" value="9.0.4+11"/>
    <property name="java.awt.graphicsenv" value="sun.awt.Win32GraphicsEnvironment"/>
    <property name="os.arch" value="amd64"/>
    <property name="java.io.tmpdir" value="C:\Users\mcken\AppData\Local\Temp\"/>
    <property name="line.separator" value="
"/>
    <property name="java.vm.specification.vendor" value="Oracle Corporation"/>
    <property name="user.variant" value=""/>
    <property name="os.name" value="Windows 10"/>
    <property name="classworlds.conf" value="C:/Users/mcken/OneDrive/Documents/apache-maven-3.5.3/bin/m2.conf"/>
    <property name="sun.jnu.encoding" value="Cp1252"/>
    <property name="java.library.path" value="C:\Program Files\Java\jdk-9.0.4\bin;C:\WINDOWS\Sun\Java\bin;C:\WINDOWS\system32;C:\WINDOWS;C:\Users\mcken\bin;C:\Program Files\Git\mingw64\bin;C:\Program Files\Git\usr\local\bin;C:\Program Files\Git\usr\bin;C:\Program Files\Git\usr\bin;C:\Program Files\Git\mingw64\bin;C:\Program Files\Git\usr\bin;C:\Users\mcken\bin;C:\Users\mcken\OneDrive\Documents\apache-maven-3.5.3\bin;C:\Program Files (x86)\Common Files\Oracle\Java\javapath;C:\Users\mcken\AppData\Roaming\cabal\bin;C:\Users\mcken\AppData\Roaming\local\bin;C:\Program Files\Java\jre-9.0.4\bin;C:\Program Files\Java\jdk-9.0.4\bin;C:\Users\mcken\AppData\Local\Microsoft\WindowsApps;C:\Users\mcken\AppData\Roaming\npm;C:\Program Files\Haskell Platform\8.2.2\bin;C:\Program Files\Git\usr\bin\vendor_perl;C:\Program Files\Git\usr\bin\core_perl;."/>
    <property name="maven.conf" value="C:/Users/mcken/OneDrive/Documents/apache-maven-3.5.3/conf"/>
    <property name="jdk.debug" value="release"/>
    <property name="java.class.version" value="53.0"/>
    <property name="java.specification.name" value="Java Platform API Specification"/>
    <property name="sun.management.compiler" value="HotSpot 64-Bit Tiered Compilers"/>
    <property name="os.version" value="10.0"/>
    <property name="library.jansi.path" value="C:/Users/mcken/OneDrive/Documents/apache-maven-3.5.3/lib/jansi-native"/>
    <property name="user.home" value="C:\Users\mcken"/>
    <property name="user.timezone" value="America/Los_Angeles"/>
    <property name="java.awt.printerjob" value="sun.awt.windows.WPrinterJob"/>
    <property name="file.encoding" value="Cp1252"/>
    <property name="java.specification.version" value="9"/>
    <property name="user.name" value="mcken"/>
    <property name="java.class.path" value="C:/Users/mcken/OneDrive/Documents/apache-maven-3.5.3/boot/plexus-classworlds-2.5.2.jar"/>
    <property name="java.vm.specification.version" value="9"/>
    <property name="sun.arch.data.model" value="64"/>
    <property name="sun.java.command" value="org.codehaus.plexus.classworlds.launcher.Launcher test"/>
    <property name="java.home" value="C:\Program Files\Java\jdk-9.0.4"/>
    <property name="user.language" value="en"/>
    <property name="java.specification.vendor" value="Oracle Corporation"/>
    <property name="awt.toolkit" value="sun.awt.windows.WToolkit"/>
    <property name="java.vm.info" value="mixed mode"/>
    <property name="java.version" value="9.0.4"/>
    <property name="java.vendor" value="Oracle Corporation"/>
    <property name="maven.home" value="C:\Users\mcken\OneDrive\Documents\apache-maven-3.5.3"/>
    <property name="file.separator" value="\"/>
    <property name="java.vendor.url.bug" value="http://bugreport.java.com/bugreport/"/>
    <property name="sun.io.unicode.encoding" value="UnicodeLittle"/>
    <property name="sun.cpu.endian" value="little"/>
    <property name="sun.desktop" value="windows"/>
    <property name="sun.cpu.isalist" value="amd64"/>
  </properties>
  <testcase classname="calendar.DataHandlerRandomTest" name="radnomtest" time="0.533">
    <error message="100" type="java.lang.ArrayIndexOutOfBoundsException">java.lang.ArrayIndexOutOfBoundsException: 100
	at calendar.DataHandlerRandomTest.radnomtest(DataHandlerRandomTest.java:48)
	at java.base/jdk.internal.reflect.NativeMethodAccessorImpl.invoke0(Native Method)
	at java.base/jdk.internal.reflect.NativeMethodAccessorImpl.invoke(NativeMethodAccessorImpl.java:62)
	at java.base/jdk.internal.reflect.DelegatingMethodAccessorImpl.invoke(DelegatingMethodAccessorImpl.java:43)
	at java.base/java.lang.reflect.Method.invoke(Method.java:564)
	at org.junit.runners.model.FrameworkMethod$1.runReflectiveCall(FrameworkMethod.java:50)
	at org.junit.internal.runners.model.ReflectiveCallable.run(ReflectiveCallable.java:12)
	at org.junit.runners.model.FrameworkMethod.invokeExplosively(FrameworkMethod.java:47)
	at org.junit.internal.runners.statements.InvokeMethod.evaluate(InvokeMethod.java:17)
	at org.junit.runners.ParentRunner.runLeaf(ParentRunner.java:325)
	at org.junit.runners.BlockJUnit4ClassRunner.runChild(BlockJUnit4ClassRunner.java:78)
	at org.junit.runners.BlockJUnit4ClassRunner.runChild(BlockJUnit4ClassRunner.java:57)
	at org.junit.runners.ParentRunner$3.run(ParentRunner.java:290)
	at org.junit.runners.ParentRunner$1.schedule(ParentRunner.java:71)
	at org.junit.runners.ParentRunner.runChildren(ParentRunner.java:288)
	at org.junit.runners.ParentRunner.access$000(ParentRunner.java:58)
	at org.junit.runners.ParentRunner$2.evaluate(ParentRunner.java:268)
	at org.junit.runners.ParentRunner.run(ParentRunner.java:363)
	at org.apache.maven.surefire.junit4.JUnit4Provider.execute(JUnit4Provider.java:252)
	at org.apache.maven.surefire.junit4.JUnit4Provider.executeTestSet(JUnit4Provider.java:141)
	at org.apache.maven.surefire.junit4.JUnit4Provider.invoke(JUnit4Provider.java:112)
	at java.base/jdk.internal.reflect.NativeMethodAccessorImpl.invoke0(Native Method)
	at java.base/jdk.internal.reflect.NativeMethodAccessorImpl.invoke(NativeMethodAccessorImpl.java:62)
	at java.base/jdk.internal.reflect.DelegatingMethodAccessorImpl.invoke(DelegatingMethodAccessorImpl.java:43)
	at java.base/java.lang.reflect.Method.invoke(Method.java:564)
	at org.apache.maven.surefire.util.ReflectionUtils.invokeMethodWithArray(ReflectionUtils.java:189)
	at org.apache.maven.surefire.booter.ProviderFactory$ProviderProxy.invoke(ProviderFactory.java:165)
	at org.apache.maven.surefire.booter.ProviderFactory.invokeProvider(ProviderFactory.java:85)
	at org.apache.maven.surefire.booter.ForkedBooter.runSuitesInProcess(ForkedBooter.java:115)
	at org.apache.maven.surefire.booter.ForkedBooter.main(ForkedBooter.java:75)
</error>
    <system-out>This is test0 out of 100
This is test1 out of 100
This is test2 out of 100
This is test3 out of 100
This is test4 out of 100
This is test5 out of 100
This is test6 out of 100
This is test7 out of 100
This is test8 out of 100
This is test9 out of 100
This is test10 out of 100
This is test11 out of 100
This is test12 out of 100
This is test13 out of 100
This is test14 out of 100
This is test15 out of 100
This is test16 out of 100
This is test17 out of 100
This is test18 out of 100
This is test19 out of 100
This is test20 out of 100
This is test21 out of 100
This is test22 out of 100
This is test23 out of 100
This is test24 out of 100
This is test25 out of 100
This is test26 out of 100
This is test27 out of 100
This is test28 out of 100
This is test29 out of 100
This is test30 out of 100
This is test31 out of 100
This is test32 out of 100
This is test33 out of 100
This is test34 out of 100
This is test35 out of 100
This is test36 out of 100
This is test37 out of 100
This is test38 out of 100
This is test39 out of 100
This is test40 out of 100
This is test41 out of 100
This is test42 out of 100
This is test43 out of 100
This is test44 out of 100
This is test45 out of 100
This is test46 out of 100
This is test47 out of 100
This is test48 out of 100
This is test49 out of 100
This is test50 out of 100
This is test51 out of 100
This is test52 out of 100
This is test53 out of 100
This is test54 out of 100
This is test55 out of 100
This is test56 out of 100
This is test57 out of 100
This is test58 out of 100
This is test59 out of 100
This is test60 out of 100
This is test61 out of 100
This is test62 out of 100
This is test63 out of 100
This is test64 out of 100
This is test65 out of 100
This is test66 out of 100
This is test67 out of 100
This is test68 out of 100
This is test69 out of 100
This is test70 out of 100
This is test71 out of 100
This is test72 out of 100
This is test73 out of 100
This is test74 out of 100
This is test75 out of 100
This is test76 out of 100
This is test77 out of 100
This is test78 out of 100
This is test79 out of 100
This is test80 out of 100
This is test81 out of 100
This is test82 out of 100
This is test83 out of 100
This is test84 out of 100
This is test85 out of 100
This is test86 out of 100
This is test87 out of 100
This is test88 out of 100
This is test89 out of 100
This is test90 out of 100
This is test91 out of 100
This is test92 out of 100
This is test93 out of 100
This is test94 out of 100
This is test95 out of 100
This is test96 out of 100
This is test97 out of 100
This is test98 out of 100
This is test99 out of 100
</system-out>
  </testcase>
</testsuite>